
error: GET en /apidocs - at 9/6/2024- 00:28:10
error: GET en /apidocs/ - at 9/6/2024- 00:28:10
error: GET en /apidocs/swagger-ui.css - at 9/6/2024- 00:28:10
error: GET en /apidocs/swagger-ui-bundle.js - at 9/6/2024- 00:28:10
error: GET en /apidocs/swagger-ui-standalone-preset.js - at 9/6/2024- 00:28:10
error: GET en /apidocs/swagger-ui-init.js - at 9/6/2024- 00:28:11
error: GET en /apidocs/favicon-32x32.png - at 9/6/2024- 00:28:12
error: GET en /apidocs/ - at 9/6/2024- 00:54:34
error: GET en /apidocs/swagger-ui.css - at 9/6/2024- 00:54:35
error: GET en /apidocs/swagger-ui-bundle.js - at 9/6/2024- 00:54:35
error: GET en /apidocs/swagger-ui-standalone-preset.js - at 9/6/2024- 00:54:35
error: GET en /apidocs/swagger-ui-init.js - at 9/6/2024- 00:54:35
error: GET en /apidocs/favicon-32x32.png - at 9/6/2024- 00:54:35
error: GET en /apidocs/ - at 9/6/2024- 00:54:48
error: GET en /apidocs/swagger-ui.css - at 9/6/2024- 00:54:48
error: GET en /apidocs/swagger-ui-bundle.js - at 9/6/2024- 00:54:48
error: GET en /apidocs/swagger-ui-standalone-preset.js - at 9/6/2024- 00:54:48
error: GET en /apidocs/swagger-ui-init.js - at 9/6/2024- 00:54:48
error: GET en /apidocs/favicon-32x32.png - at 9/6/2024- 00:54:49
error: GET en /apidocs/ - at 9/6/2024- 00:55:39
error: GET en /apidocs/swagger-ui.css - at 9/6/2024- 00:55:39
error: GET en /apidocs/swagger-ui-bundle.js - at 9/6/2024- 00:55:39
error: GET en /apidocs/swagger-ui-standalone-preset.js - at 9/6/2024- 00:55:39
error: GET en /apidocs/swagger-ui-init.js - at 9/6/2024- 00:55:39
error: GET en /apidocs/favicon-32x32.png - at 9/6/2024- 00:55:40
error: GET en /apidocs/ - at 9/6/2024- 00:58:56
error: GET en /apidocs/swagger-ui.css - at 9/6/2024- 00:58:56
error: GET en /apidocs/swagger-ui-bundle.js - at 9/6/2024- 00:58:56
error: GET en /apidocs/swagger-ui-standalone-preset.js - at 9/6/2024- 00:58:56
error: GET en /apidocs/swagger-ui-init.js - at 9/6/2024- 00:58:56
error: GET en /apidocs/favicon-32x32.png - at 9/6/2024- 00:58:57
error: GET en /apidocs/ - at 9/6/2024- 00:59:37
error: GET en /apidocs/swagger-ui.css - at 9/6/2024- 00:59:37
error: GET en /apidocs/swagger-ui-bundle.js - at 9/6/2024- 00:59:37
error: GET en /apidocs/swagger-ui-standalone-preset.js - at 9/6/2024- 00:59:37
error: GET en /apidocs/swagger-ui-init.js - at 9/6/2024- 00:59:37
error: GET en /apidocs/favicon-32x32.png - at 9/6/2024- 00:59:38
error: GET en /apidocs/ - at 9/6/2024- 01:00:50
error: GET en /apidocs/swagger-ui.css - at 9/6/2024- 01:00:50
error: GET en /apidocs/swagger-ui-bundle.js - at 9/6/2024- 01:00:50
error: GET en /apidocs/swagger-ui-standalone-preset.js - at 9/6/2024- 01:00:50
error: GET en /apidocs/swagger-ui-init.js - at 9/6/2024- 01:00:50
error: GET en /apidocs/favicon-32x32.png - at 9/6/2024- 01:00:51
error: GET en /apidocs/ - at 9/6/2024- 01:02:13
error: GET en /apidocs/swagger-ui.css - at 9/6/2024- 01:02:14
error: GET en /apidocs/swagger-ui-bundle.js - at 9/6/2024- 01:02:14
error: GET en /apidocs/swagger-ui-init.js - at 9/6/2024- 01:02:14
error: GET en /apidocs/swagger-ui-standalone-preset.js - at 9/6/2024- 01:02:14
error: GET en /apidocs/favicon-32x32.png - at 9/6/2024- 01:02:14
error: GET en /apidocs/ - at 9/6/2024- 01:02:16
error: GET en /apidocs/swagger-ui.css - at 9/6/2024- 01:02:16
error: GET en /apidocs/swagger-ui-bundle.js - at 9/6/2024- 01:02:16
error: GET en /apidocs/swagger-ui-standalone-preset.js - at 9/6/2024- 01:02:16
error: GET en /apidocs/swagger-ui-init.js - at 9/6/2024- 01:02:16
error: GET en /apidocs/favicon-32x32.png - at 9/6/2024- 01:02:17
error: GET en /api/products - at 9/6/2024- 01:03:31
error: GET en /favicon.ico - at 9/6/2024- 01:03:32
error: GET en /apidocs/ - at 9/6/2024- 01:04:51
error: GET en /apidocs/swagger-ui.css - at 9/6/2024- 01:04:51
error: GET en /apidocs/swagger-ui-bundle.js - at 9/6/2024- 01:04:51
error: GET en /apidocs/swagger-ui-standalone-preset.js - at 9/6/2024- 01:04:51
error: GET en /apidocs/swagger-ui-init.js - at 9/6/2024- 01:04:51
error: GET en /apidocs/favicon-32x32.png - at 9/6/2024- 01:04:52
error: GET en /apidocs/ - at 9/6/2024- 01:06:07
error: GET en /apidocs/swagger-ui.css - at 9/6/2024- 01:06:08
error: GET en /apidocs/swagger-ui-bundle.js - at 9/6/2024- 01:06:08
error: GET en /apidocs/swagger-ui-standalone-preset.js - at 9/6/2024- 01:06:08
error: GET en /apidocs/swagger-ui-init.js - at 9/6/2024- 01:06:08
error: GET en /apidocs/ - at 9/6/2024- 01:06:17
error: GET en /apidocs/swagger-ui.css - at 9/6/2024- 01:06:18
error: GET en /apidocs/swagger-ui-bundle.js - at 9/6/2024- 01:06:18
error: GET en /apidocs/swagger-ui-standalone-preset.js - at 9/6/2024- 01:06:18
error: GET en /apidocs/swagger-ui-init.js - at 9/6/2024- 01:06:18
error: GET en /apidocs/favicon-32x32.png - at 9/6/2024- 01:06:18
error: GET en /apidocs/ - at 9/6/2024- 01:07:29
error: GET en /apidocs/swagger-ui.css - at 9/6/2024- 01:07:29
error: GET en /apidocs/swagger-ui-bundle.js - at 9/6/2024- 01:07:29
error: GET en /apidocs/swagger-ui-standalone-preset.js - at 9/6/2024- 01:07:29
error: GET en /apidocs/swagger-ui-init.js - at 9/6/2024- 01:07:29
error: GET en /apidocs/favicon-32x32.png - at 9/6/2024- 01:07:30
error: GET en /apidocs/ - at 9/6/2024- 01:07:32
error: GET en /apidocs/swagger-ui.css - at 9/6/2024- 01:07:32
error: GET en /apidocs/swagger-ui-bundle.js - at 9/6/2024- 01:07:32
error: GET en /apidocs/swagger-ui-standalone-preset.js - at 9/6/2024- 01:07:32
error: GET en /apidocs/swagger-ui-init.js - at 9/6/2024- 01:07:32
error: GET en /apidocs/favicon-32x32.png - at 9/6/2024- 01:07:33
error: GET en /apidocs/ - at 9/6/2024- 01:08:16
error: GET en /apidocs/swagger-ui.css - at 9/6/2024- 01:08:16
error: GET en /apidocs/swagger-ui-bundle.js - at 9/6/2024- 01:08:16
error: GET en /apidocs/swagger-ui-standalone-preset.js - at 9/6/2024- 01:08:16
error: GET en /apidocs/swagger-ui-init.js - at 9/6/2024- 01:08:16
error: GET en /apidocs/favicon-32x32.png - at 9/6/2024- 01:08:17
error: GET en /apidocs/ - at 9/6/2024- 01:08:19
error: GET en /apidocs/swagger-ui.css - at 9/6/2024- 01:08:19
error: GET en /apidocs/swagger-ui-bundle.js - at 9/6/2024- 01:08:19
error: GET en /apidocs/swagger-ui-standalone-preset.js - at 9/6/2024- 01:08:19
error: GET en /apidocs/swagger-ui-init.js - at 9/6/2024- 01:08:19
error: GET en /apidocs/favicon-32x32.png - at 9/6/2024- 01:08:20
error: GET en /apidocs/ - at 9/6/2024- 01:10:53
error: GET en /apidocs/swagger-ui.css - at 9/6/2024- 01:10:54
error: GET en /apidocs/swagger-ui-bundle.js - at 9/6/2024- 01:10:54
error: GET en /apidocs/swagger-ui-standalone-preset.js - at 9/6/2024- 01:10:54
error: GET en /apidocs/swagger-ui-init.js - at 9/6/2024- 01:10:54
error: GET en /apidocs/favicon-32x32.png - at 9/6/2024- 01:10:55
error: GET en /apidocs/ - at 9/6/2024- 01:12:37
error: GET en /apidocs/swagger-ui.css - at 9/6/2024- 01:12:37
error: GET en /apidocs/swagger-ui-bundle.js - at 9/6/2024- 01:12:37
error: GET en /apidocs/swagger-ui-standalone-preset.js - at 9/6/2024- 01:12:37
error: GET en /apidocs/swagger-ui-init.js - at 9/6/2024- 01:12:37
error: GET en /apidocs/favicon-32x32.png - at 9/6/2024- 01:12:38
error: GET en /apidocs/ - at 9/6/2024- 01:14:19
error: GET en /apidocs/swagger-ui.css - at 9/6/2024- 01:14:19
error: GET en /apidocs/swagger-ui-bundle.js - at 9/6/2024- 01:14:19
error: GET en /apidocs/swagger-ui-standalone-preset.js - at 9/6/2024- 01:14:19
error: GET en /apidocs/swagger-ui-init.js - at 9/6/2024- 01:14:19
error: GET en /apidocs/favicon-32x32.png - at 9/6/2024- 01:14:20
error: GET en /api/products/ - at 9/6/2024- 01:16:41
error: GET en /apidocs/ - at 9/6/2024- 01:29:10
error: GET en /apidocs/swagger-ui.css - at 9/6/2024- 01:29:11
error: GET en /apidocs/swagger-ui-bundle.js - at 9/6/2024- 01:29:11
error: GET en /apidocs/swagger-ui-standalone-preset.js - at 9/6/2024- 01:29:11
error: GET en /apidocs/swagger-ui-init.js - at 9/6/2024- 01:29:11
error: GET en /apidocs/favicon-32x32.png - at 9/6/2024- 01:29:13
error: GET en /apidocs/ - at 9/6/2024- 01:34:38
error: GET en /apidocs/swagger-ui.css - at 9/6/2024- 01:34:38
error: GET en /apidocs/swagger-ui-bundle.js - at 9/6/2024- 01:34:38
error: GET en /apidocs/swagger-ui-standalone-preset.js - at 9/6/2024- 01:34:38
error: GET en /apidocs/swagger-ui-init.js - at 9/6/2024- 01:34:39
error: GET en /apidocs/favicon-32x32.png - at 9/6/2024- 01:34:39
error: GET en /apidocs/ - at 9/6/2024- 01:35:22
error: GET en /apidocs/swagger-ui.css - at 9/6/2024- 01:35:22
error: GET en /apidocs/swagger-ui-bundle.js - at 9/6/2024- 01:35:22
error: GET en /apidocs/swagger-ui-standalone-preset.js - at 9/6/2024- 01:35:22
error: GET en /apidocs/swagger-ui-init.js - at 9/6/2024- 01:35:22
error: GET en /apidocs/favicon-32x32.png - at 9/6/2024- 01:35:23
error: GET en /apidocs/ - at 9/6/2024- 01:37:17
error: GET en /apidocs/swagger-ui.css - at 9/6/2024- 01:37:17
error: GET en /apidocs/swagger-ui-bundle.js - at 9/6/2024- 01:37:17
error: GET en /apidocs/swagger-ui-standalone-preset.js - at 9/6/2024- 01:37:17
error: GET en /apidocs/swagger-ui-init.js - at 9/6/2024- 01:37:17
error: GET en /apidocs/favicon-32x32.png - at 9/6/2024- 01:37:18
error: GET en /apidocs/ - at 9/6/2024- 01:37:35
error: GET en /apidocs/swagger-ui.css - at 9/6/2024- 01:37:35
error: GET en /apidocs/swagger-ui-bundle.js - at 9/6/2024- 01:37:35
error: GET en /apidocs/swagger-ui-standalone-preset.js - at 9/6/2024- 01:37:35
error: GET en /apidocs/swagger-ui-init.js - at 9/6/2024- 01:37:35
error: GET en /apidocs/ - at 9/6/2024- 01:37:38
error: GET en /apidocs/swagger-ui.css - at 9/6/2024- 01:37:38
error: GET en /apidocs/swagger-ui-bundle.js - at 9/6/2024- 01:37:38
error: GET en /apidocs/swagger-ui-standalone-preset.js - at 9/6/2024- 01:37:38
error: GET en /apidocs/swagger-ui-init.js - at 9/6/2024- 01:37:38
error: GET en /apidocs/favicon-32x32.png - at 9/6/2024- 01:37:39
error: GET en /apidocs/ - at 9/6/2024- 01:37:46
error: GET en /apidocs/swagger-ui.css - at 9/6/2024- 01:37:47
error: GET en /apidocs/swagger-ui-bundle.js - at 9/6/2024- 01:37:47
error: GET en /apidocs/swagger-ui-standalone-preset.js - at 9/6/2024- 01:37:47
error: GET en /apidocs/swagger-ui-init.js - at 9/6/2024- 01:37:47
error: GET en /apidocs/ - at 9/6/2024- 01:37:54
error: GET en /apidocs/swagger-ui.css - at 9/6/2024- 01:37:54
error: GET en /apidocs/swagger-ui-bundle.js - at 9/6/2024- 01:37:54
error: GET en /apidocs/swagger-ui-standalone-preset.js - at 9/6/2024- 01:37:54
error: GET en /apidocs/swagger-ui-init.js - at 9/6/2024- 01:37:54
error: GET en /apidocs/favicon-32x32.png - at 9/6/2024- 01:37:55
error: GET en /apidocs/ - at 9/6/2024- 01:38:29
error: GET en /apidocs/swagger-ui.css - at 9/6/2024- 01:38:29
error: GET en /apidocs/swagger-ui-bundle.js - at 9/6/2024- 01:38:29
error: GET en /apidocs/swagger-ui-standalone-preset.js - at 9/6/2024- 01:38:29
error: GET en /apidocs/swagger-ui-init.js - at 9/6/2024- 01:38:29
error: GET en /apidocs/favicon-32x32.png - at 9/6/2024- 01:38:30
error: GET en /apidocs/ - at 9/6/2024- 01:42:16
error: GET en /apidocs/swagger-ui.css - at 9/6/2024- 01:42:16
error: GET en /apidocs/swagger-ui-bundle.js - at 9/6/2024- 01:42:16
error: GET en /apidocs/swagger-ui-standalone-preset.js - at 9/6/2024- 01:42:16
error: GET en /apidocs/swagger-ui-init.js - at 9/6/2024- 01:42:16
error: GET en /apidocs/favicon-32x32.png - at 9/6/2024- 01:42:17
error: GET en /apidocs/ - at 9/6/2024- 01:45:18
error: GET en /apidocs/swagger-ui.css - at 9/6/2024- 01:45:18
error: GET en /apidocs/swagger-ui-bundle.js - at 9/6/2024- 01:45:18
error: GET en /apidocs/swagger-ui-standalone-preset.js - at 9/6/2024- 01:45:18
error: GET en /apidocs/swagger-ui-init.js - at 9/6/2024- 01:45:18
error: GET en /apidocs/favicon-32x32.png - at 9/6/2024- 01:45:20
error: GET en /apidocs/ - at 9/6/2024- 01:46:20
error: GET en /apidocs/swagger-ui.css - at 9/6/2024- 01:46:20
error: GET en /apidocs/swagger-ui-bundle.js - at 9/6/2024- 01:46:20
error: GET en /apidocs/swagger-ui-standalone-preset.js - at 9/6/2024- 01:46:20
error: GET en /apidocs/swagger-ui-init.js - at 9/6/2024- 01:46:20
error: GET en /apidocs/favicon-32x32.png - at 9/6/2024- 01:46:21
error: GET en /apidocs/ - at 9/6/2024- 01:46:53
error: GET en /apidocs/swagger-ui.css - at 9/6/2024- 01:46:53
error: GET en /apidocs/swagger-ui-bundle.js - at 9/6/2024- 01:46:53
error: GET en /apidocs/swagger-ui-init.js - at 9/6/2024- 01:46:53
error: GET en /apidocs/swagger-ui-standalone-preset.js - at 9/6/2024- 01:46:53
error: GET en /apidocs/favicon-32x32.png - at 9/6/2024- 01:46:54
error: GET en /apidocs/ - at 9/6/2024- 01:57:50
error: GET en /apidocs/swagger-ui.css - at 9/6/2024- 01:57:50
error: GET en /apidocs/swagger-ui-bundle.js - at 9/6/2024- 01:57:50
error: GET en /apidocs/swagger-ui-standalone-preset.js - at 9/6/2024- 01:57:51
error: GET en /apidocs/swagger-ui-init.js - at 9/6/2024- 01:57:51
error: GET en /apidocs/favicon-32x32.png - at 9/6/2024- 01:57:51
error: GET en /apidocs/ - at 9/6/2024- 18:17:49
error: GET en /apidocs/swagger-ui.css - at 9/6/2024- 18:17:49
error: GET en /apidocs/swagger-ui-init.js - at 9/6/2024- 18:17:49
error: GET en /apidocs/swagger-ui-standalone-preset.js - at 9/6/2024- 18:17:50
error: GET en /apidocs/swagger-ui-bundle.js - at 9/6/2024- 18:17:50
error: GET en /apidocs/favicon-32x32.png - at 9/6/2024- 18:17:51
error: GET en /apidocs/ - at 9/6/2024- 18:19:57
error: GET en /apidocs/swagger-ui.css - at 9/6/2024- 18:19:58
error: GET en /apidocs/swagger-ui-bundle.js - at 9/6/2024- 18:19:58
error: GET en /apidocs/swagger-ui-standalone-preset.js - at 9/6/2024- 18:19:58
error: GET en /apidocs/swagger-ui-init.js - at 9/6/2024- 18:19:58
error: GET en /apidocs/favicon-32x32.png - at 9/6/2024- 18:19:59
error: GET en /api/products/ - at 9/6/2024- 18:20:29
error: GET en /apidocs/ - at 9/6/2024- 18:26:05
error: GET en /apidocs/swagger-ui.css - at 9/6/2024- 18:26:05
error: GET en /apidocs/swagger-ui-bundle.js - at 9/6/2024- 18:26:05
error: GET en /apidocs/swagger-ui-standalone-preset.js - at 9/6/2024- 18:26:05
error: GET en /apidocs/swagger-ui-init.js - at 9/6/2024- 18:26:05
error: GET en /apidocs/favicon-32x32.png - at 9/6/2024- 18:26:06
error: GET en /apidocs/ - at 9/6/2024- 18:26:26
error: GET en /apidocs/swagger-ui.css - at 9/6/2024- 18:26:26
error: GET en /apidocs/swagger-ui-bundle.js - at 9/6/2024- 18:26:26
error: GET en /apidocs/swagger-ui-standalone-preset.js - at 9/6/2024- 18:26:26
error: GET en /apidocs/swagger-ui-init.js - at 9/6/2024- 18:26:26
error: GET en /apidocs/favicon-32x32.png - at 9/6/2024- 18:26:27
error: GET en /apidocs/ - at 9/6/2024- 18:28:42
error: GET en /apidocs/swagger-ui.css - at 9/6/2024- 18:28:43
error: GET en /apidocs/swagger-ui-bundle.js - at 9/6/2024- 18:28:43
error: GET en /apidocs/swagger-ui-standalone-preset.js - at 9/6/2024- 18:28:43
error: GET en /apidocs/swagger-ui-init.js - at 9/6/2024- 18:28:43
error: GET en /apidocs/favicon-32x32.png - at 9/6/2024- 18:28:43
error: GET en /apidocs/ - at 9/6/2024- 18:28:45
error: GET en /apidocs/swagger-ui.css - at 9/6/2024- 18:28:45
error: GET en /apidocs/swagger-ui-bundle.js - at 9/6/2024- 18:28:45
error: GET en /apidocs/swagger-ui-standalone-preset.js - at 9/6/2024- 18:28:46
error: GET en /apidocs/swagger-ui-init.js - at 9/6/2024- 18:28:46
error: GET en /apidocs/favicon-32x32.png - at 9/6/2024- 18:28:46
error: GET en /apidocs/ - at 9/6/2024- 18:31:46
error: GET en /apidocs/swagger-ui.css - at 9/6/2024- 18:31:46
error: GET en /apidocs/swagger-ui-bundle.js - at 9/6/2024- 18:31:46
error: GET en /apidocs/swagger-ui-standalone-preset.js - at 9/6/2024- 18:31:46
error: GET en /apidocs/swagger-ui-init.js - at 9/6/2024- 18:31:46
error: GET en /apidocs/favicon-32x32.png - at 9/6/2024- 18:31:47
error: GET en /apidocs/ - at 9/6/2024- 18:49:00
error: GET en /apidocs/swagger-ui.css - at 9/6/2024- 18:49:01
error: GET en /apidocs/swagger-ui-bundle.js - at 9/6/2024- 18:49:01
error: GET en /apidocs/swagger-ui-standalone-preset.js - at 9/6/2024- 18:49:01
error: GET en /apidocs/swagger-ui-init.js - at 9/6/2024- 18:49:01
error: GET en /apidocs/favicon-32x32.png - at 9/6/2024- 18:49:02
error: GET en /apidocs/ - at 9/6/2024- 19:04:04
error: GET en /apidocs/swagger-ui.css - at 9/6/2024- 19:04:05
error: GET en /apidocs/swagger-ui-bundle.js - at 9/6/2024- 19:04:05
error: GET en /apidocs/swagger-ui-init.js - at 9/6/2024- 19:04:05
error: GET en /apidocs/swagger-ui-standalone-preset.js - at 9/6/2024- 19:04:05
error: GET en /apidocs/favicon-32x32.png - at 9/6/2024- 19:04:06
error: GET en /apidocs/ - at 9/6/2024- 19:04:47
error: GET en /apidocs/swagger-ui.css - at 9/6/2024- 19:04:47
error: GET en /apidocs/swagger-ui-bundle.js - at 9/6/2024- 19:04:47
error: GET en /apidocs/swagger-ui-standalone-preset.js - at 9/6/2024- 19:04:48
error: GET en /apidocs/swagger-ui-init.js - at 9/6/2024- 19:04:48
error: GET en /apidocs/favicon-32x32.png - at 9/6/2024- 19:04:49
error: GET en /apidocs/ - at 9/6/2024- 19:06:54
error: GET en /apidocs/ - at 9/6/2024- 19:08:09
error: GET en /apidocs/ - at 9/6/2024- 19:11:19
error: GET en /apidocs/ - at 9/6/2024- 19:11:57
